2017-05-24 12:32:04 Error: [MissingControllerException] Controller class ArticleController could not be found.
Exception Attributes: array (
  'class' => 'ArticleController',
  'plugin' => NULL,
)
Request URL: /ecitem_review/Article/add
Stack Trace:
#0 /var/www/html/ecitem_review/app/webroot/index.php(111): Dispatcher->dispatch(Object(CakeRequest), Object(CakeResponse))
#1 {main}
2017-05-24 12:33:41 Error: [MissingControllerException] Controller class ArticleController could not be found.
Exception Attributes: array (
  'class' => 'ArticleController',
  'plugin' => NULL,
)
Request URL: /ecitem_review/Article/add
Stack Trace:
#0 /var/www/html/ecitem_review/app/webroot/index.php(111): Dispatcher->dispatch(Object(CakeRequest), Object(CakeResponse))
#1 {main}
2017-05-24 12:59:33 Error: [MissingControllerException] Controller class ArticleController could not be found.
Exception Attributes: array (
  'class' => 'ArticleController',
  'plugin' => NULL,
)
Request URL: /ecitem_review/Article/add
Stack Trace:
#0 /var/www/html/ecitem_review/app/webroot/index.php(111): Dispatcher->dispatch(Object(CakeRequest), Object(CakeResponse))
#1 {main}
2017-05-24 13:11:34 Error: Fatal Error (1): Call to a member function paginate() on null in [/var/www/html/ecitem_review/app/Controller/ArticlesController.php, line 17]
2017-05-24 13:11:34 Error: [FatalErrorException] Call to a member function paginate() on null
Request URL: /ecitem_review/Articles
Stack Trace:
#0 /var/www/html/ecitem_review/lib/Cake/Error/ErrorHandler.php(212): ErrorHandler::handleFatalError(1, 'Call to a membe...', '/var/www/html/e...', 17)
#1 [internal function]: ErrorHandler::handleError(1, 'Call to a membe...', '/var/www/html/e...', 17, Array)
#2 /var/www/html/ecitem_review/lib/Cake/Core/App.php(970): call_user_func('ErrorHandler::h...', 1, 'Call to a membe...', '/var/www/html/e...', 17, Array)
#3 /var/www/html/ecitem_review/lib/Cake/Core/App.php(943): App::_checkFatalError()
#4 [internal function]: App::shutdown()
#5 {main}
2017-05-24 13:19:16 Error: [MissingActionException] Action ArticlesController::index() could not be found.
Exception Attributes: array (
  'controller' => 'ArticlesController',
  'action' => 'index',
)
Request URL: /ecitem_review/Articles
Stack Trace:
#0 /var/www/html/ecitem_review/lib/Cake/Routing/Dispatcher.php(193): Controller->invokeAction(Object(CakeRequest))
#1 /var/www/html/ecitem_review/lib/Cake/Routing/Dispatcher.php(167): Dispatcher->_invoke(Object(ArticlesController), Object(CakeRequest))
#2 /var/www/html/ecitem_review/app/webroot/index.php(111): Dispatcher->dispatch(Object(CakeRequest), Object(CakeResponse))
#3 {main}
2017-05-24 13:23:32 Error: [MissingControllerException] Controller class ArticleController could not be found.
Exception Attributes: array (
  'class' => 'ArticleController',
  'plugin' => NULL,
)
Request URL: /ecitem_review/Article/add
Stack Trace:
#0 /var/www/html/ecitem_review/app/webroot/index.php(111): Dispatcher->dispatch(Object(CakeRequest), Object(CakeResponse))
#1 {main}
2017-05-24 13:23:37 Error: [MissingControllerException] Controller class ArticleController could not be found.
Exception Attributes: array (
  'class' => 'ArticleController',
  'plugin' => NULL,
)
Request URL: /ecitem_review/Article/
Stack Trace:
#0 /var/www/html/ecitem_review/app/webroot/index.php(111): Dispatcher->dispatch(Object(CakeRequest), Object(CakeResponse))
#1 {main}
2017-05-24 13:24:16 Error: [MissingControllerException] Controller class EcitemReviewController could not be found.
Exception Attributes: array (
  'class' => 'EcitemReviewController',
  'plugin' => NULL,
)
Request URL: /ecitem_review/ecitem_review/Articles
Stack Trace:
#0 /var/www/html/ecitem_review/app/webroot/index.php(111): Dispatcher->dispatch(Object(CakeRequest), Object(CakeResponse))
#1 {main}
2017-05-24 16:17:48 Error: [MissingControllerException] Controller class EcitemReviewController could not be found.
Exception Attributes: array (
  'class' => 'EcitemReviewController',
  'plugin' => NULL,
)
Request URL: /ecitem_review/ecitem_review/jobs
Stack Trace:
#0 /var/www/html/ecitem_review/app/webroot/index.php(111): Dispatcher->dispatch(Object(CakeRequest), Object(CakeResponse))
#1 {main}
2017-05-24 16:18:08 Error: [MissingControllerException] Controller class EcitemReviewController could not be found.
Exception Attributes: array (
  'class' => 'EcitemReviewController',
  'plugin' => NULL,
)
Request URL: /ecitem_review/ecitem_review/jobs
Stack Trace:
#0 /var/www/html/ecitem_review/app/webroot/index.php(111): Dispatcher->dispatch(Object(CakeRequest), Object(CakeResponse))
#1 {main}
2017-05-24 16:19:12 Error: [MissingControllerException] Controller class EcitemReviewController could not be found.
Exception Attributes: array (
  'class' => 'EcitemReviewController',
  'plugin' => NULL,
)
Request URL: /ecitem_review/ecitem_review/jobs
Stack Trace:
#0 /var/www/html/ecitem_review/app/webroot/index.php(111): Dispatcher->dispatch(Object(CakeRequest), Object(CakeResponse))
#1 {main}
2017-05-24 16:21:21 Error: [MissingControllerException] Controller class EcitemReviewController could not be found.
Exception Attributes: array (
  'class' => 'EcitemReviewController',
  'plugin' => NULL,
)
Request URL: /ecitem_review/ecitem_review/Categories
Stack Trace:
#0 /var/www/html/ecitem_review/app/webroot/index.php(111): Dispatcher->dispatch(Object(CakeRequest), Object(CakeResponse))
#1 {main}
2017-05-24 16:21:28 Error: [MissingControllerException] Controller class EcitemReviewController could not be found.
Exception Attributes: array (
  'class' => 'EcitemReviewController',
  'plugin' => NULL,
)
Request URL: /ecitem_review/ecitem_review/Categories
Stack Trace:
#0 /var/www/html/ecitem_review/app/webroot/index.php(111): Dispatcher->dispatch(Object(CakeRequest), Object(CakeResponse))
#1 {main}
2017-05-24 16:30:26 Error: [MissingControllerException] Controller class EcitemReviewController could not be found.
Exception Attributes: array (
  'class' => 'EcitemReviewController',
  'plugin' => NULL,
)
Request URL: /ecitem_review/ecitem_review/Categories
Stack Trace:
#0 /var/www/html/ecitem_review/app/webroot/index.php(111): Dispatcher->dispatch(Object(CakeRequest), Object(CakeResponse))
#1 {main}
2017-05-24 16:30:49 Error: [MissingControllerException] Controller class EcitemReviewController could not be found.
Exception Attributes: array (
  'class' => 'EcitemReviewController',
  'plugin' => NULL,
)
Request URL: /ecitem_review/ecitem_review/Category
Stack Trace:
#0 /var/www/html/ecitem_review/app/webroot/index.php(111): Dispatcher->dispatch(Object(CakeRequest), Object(CakeResponse))
#1 {main}
2017-05-24 16:30:56 Error: [MissingControllerException] Controller class EcitemReviewController could not be found.
Exception Attributes: array (
  'class' => 'EcitemReviewController',
  'plugin' => NULL,
)
Request URL: /ecitem_review/ecitem_review/Categories
Stack Trace:
#0 /var/www/html/ecitem_review/app/webroot/index.php(111): Dispatcher->dispatch(Object(CakeRequest), Object(CakeResponse))
#1 {main}
2017-05-24 16:33:38 Error: [MissingControllerException] Controller class EcitemReviewController could not be found.
Exception Attributes: array (
  'class' => 'EcitemReviewController',
  'plugin' => NULL,
)
Request URL: /ecitem_review/ecitem_review/Categories
Stack Trace:
#0 /var/www/html/ecitem_review/app/webroot/index.php(111): Dispatcher->dispatch(Object(CakeRequest), Object(CakeResponse))
#1 {main}
2017-05-24 16:34:25 Error: [MissingControllerException] Controller class EcitemReviewController could not be found.
Exception Attributes: array (
  'class' => 'EcitemReviewController',
  'plugin' => NULL,
)
Request URL: /ecitem_review/ecitem_review/Categories
Stack Trace:
#0 /var/www/html/ecitem_review/app/webroot/index.php(111): Dispatcher->dispatch(Object(CakeRequest), Object(CakeResponse))
#1 {main}
2017-05-24 16:35:00 Error: [MissingControllerException] Controller class EcitemReviewController could not be found.
Exception Attributes: array (
  'class' => 'EcitemReviewController',
  'plugin' => NULL,
)
Request URL: /ecitem_review/ecitem_review/Categories
Stack Trace:
#0 /var/www/html/ecitem_review/app/webroot/index.php(111): Dispatcher->dispatch(Object(CakeRequest), Object(CakeResponse))
#1 {main}
2017-05-24 16:35:01 Error: [MissingControllerException] Controller class EcitemReviewController could not be found.
Exception Attributes: array (
  'class' => 'EcitemReviewController',
  'plugin' => NULL,
)
Request URL: /ecitem_review/ecitem_review/Categories
Stack Trace:
#0 /var/www/html/ecitem_review/app/webroot/index.php(111): Dispatcher->dispatch(Object(CakeRequest), Object(CakeResponse))
#1 {main}
2017-05-24 16:36:24 Error: [MissingControllerException] Controller class EcitemReviewController could not be found.
Exception Attributes: array (
  'class' => 'EcitemReviewController',
  'plugin' => NULL,
)
Request URL: /ecitem_review/ecitem_review/Categories
Stack Trace:
#0 /var/www/html/ecitem_review/app/webroot/index.php(111): Dispatcher->dispatch(Object(CakeRequest), Object(CakeResponse))
#1 {main}
2017-05-24 16:40:06 Error: [MissingControllerException] Controller class EcitemReviewController could not be found.
Exception Attributes: array (
  'class' => 'EcitemReviewController',
  'plugin' => NULL,
)
Request URL: /ecitem_review/ecitem_review/Categories
Stack Trace:
#0 /var/www/html/ecitem_review/app/webroot/index.php(111): Dispatcher->dispatch(Object(CakeRequest), Object(CakeResponse))
#1 {main}
2017-05-24 16:42:29 Error: [MissingControllerException] Controller class EcitemReviewController could not be found.
Exception Attributes: array (
  'class' => 'EcitemReviewController',
  'plugin' => NULL,
)
Request URL: /ecitem_review/ecitem_review/Categories
Stack Trace:
#0 /var/www/html/ecitem_review/app/webroot/index.php(111): Dispatcher->dispatch(Object(CakeRequest), Object(CakeResponse))
#1 {main}
2017-05-24 17:31:45 Error: [PDOException] SQLSTATE[42S22]: Column not found: 1054 Unknown column 'Comment.article_id' in 'field list'
Request URL: /ecitem_review/Articles/view/3
Stack Trace:
#0 /var/www/html/ecitem_review/lib/Cake/Model/Datasource/DboSource.php(470): PDOStatement->execute(Array)
#1 /var/www/html/ecitem_review/lib/Cake/Model/Datasource/DboSource.php(436): DboSource->_execute('SELECT `Comment...', Array)
#2 /var/www/html/ecitem_review/lib/Cake/Model/Datasource/DboSource.php(673): DboSource->execute('SELECT `Comment...', Array, Array)
#3 /var/www/html/ecitem_review/lib/Cake/Model/Datasource/DboSource.php(1522): DboSource->fetchAll('SELECT `Comment...', false)
#4 /var/www/html/ecitem_review/lib/Cake/Model/Datasource/DboSource.php(1356): DboSource->_fetchHasMany(Object(Article), 'SELECT `Comment...', Array)
#5 /var/www/html/ecitem_review/lib/Cake/Model/Datasource/DboSource.php(1215): DboSource->queryAssociation(Object(Article), Object(Comment), 'hasMany', 'Comment', Array, Array, true, Array, 0, Array)
#6 /var/www/html/ecitem_review/lib/Cake/Model/Model.php(3038): DboSource->read(Object(Article), Array)
#7 /var/www/html/ecitem_review/lib/Cake/Model/Model.php(3010): Model->_readDataSource('first', Array)
#8 /var/www/html/ecitem_review/app/Controller/ArticlesController.php(42): Model->find('first', Array)
#9 [internal function]: ArticlesController->view('3')
#10 /var/www/html/ecitem_review/lib/Cake/Controller/Controller.php(491): ReflectionMethod->invokeArgs(Object(ArticlesController), Array)
#11 /var/www/html/ecitem_review/lib/Cake/Routing/Dispatcher.php(193): Controller->invokeAction(Object(CakeRequest))
#12 /var/www/html/ecitem_review/lib/Cake/Routing/Dispatcher.php(167): Dispatcher->_invoke(Object(ArticlesController), Object(CakeRequest))
#13 /var/www/html/ecitem_review/app/webroot/index.php(111): Dispatcher->dispatch(Object(CakeRequest), Object(CakeResponse))
#14 {main}
2017-05-24 17:31:54 Error: [PDOException] SQLSTATE[42S22]: Column not found: 1054 Unknown column 'Comment.article_id' in 'field list'
Request URL: /ecitem_review/Articles/view/5
Stack Trace:
#0 /var/www/html/ecitem_review/lib/Cake/Model/Datasource/DboSource.php(470): PDOStatement->execute(Array)
#1 /var/www/html/ecitem_review/lib/Cake/Model/Datasource/DboSource.php(436): DboSource->_execute('SELECT `Comment...', Array)
#2 /var/www/html/ecitem_review/lib/Cake/Model/Datasource/DboSource.php(673): DboSource->execute('SELECT `Comment...', Array, Array)
#3 /var/www/html/ecitem_review/lib/Cake/Model/Datasource/DboSource.php(1522): DboSource->fetchAll('SELECT `Comment...', false)
#4 /var/www/html/ecitem_review/lib/Cake/Model/Datasource/DboSource.php(1356): DboSource->_fetchHasMany(Object(Article), 'SELECT `Comment...', Array)
#5 /var/www/html/ecitem_review/lib/Cake/Model/Datasource/DboSource.php(1215): DboSource->queryAssociation(Object(Article), Object(Comment), 'hasMany', 'Comment', Array, Array, true, Array, 0, Array)
#6 /var/www/html/ecitem_review/lib/Cake/Model/Model.php(3038): DboSource->read(Object(Article), Array)
#7 /var/www/html/ecitem_review/lib/Cake/Model/Model.php(3010): Model->_readDataSource('first', Array)
#8 /var/www/html/ecitem_review/app/Controller/ArticlesController.php(42): Model->find('first', Array)
#9 [internal function]: ArticlesController->view('5')
#10 /var/www/html/ecitem_review/lib/Cake/Controller/Controller.php(491): ReflectionMethod->invokeArgs(Object(ArticlesController), Array)
#11 /var/www/html/ecitem_review/lib/Cake/Routing/Dispatcher.php(193): Controller->invokeAction(Object(CakeRequest))
#12 /var/www/html/ecitem_review/lib/Cake/Routing/Dispatcher.php(167): Dispatcher->_invoke(Object(ArticlesController), Object(CakeRequest))
#13 /var/www/html/ecitem_review/app/webroot/index.php(111): Dispatcher->dispatch(Object(CakeRequest), Object(CakeResponse))
#14 {main}
2017-05-24 17:31:55 Error: [PDOException] SQLSTATE[42S22]: Column not found: 1054 Unknown column 'Comment.article_id' in 'field list'
Request URL: /ecitem_review/Articles/view/4
Stack Trace:
#0 /var/www/html/ecitem_review/lib/Cake/Model/Datasource/DboSource.php(470): PDOStatement->execute(Array)
#1 /var/www/html/ecitem_review/lib/Cake/Model/Datasource/DboSource.php(436): DboSource->_execute('SELECT `Comment...', Array)
#2 /var/www/html/ecitem_review/lib/Cake/Model/Datasource/DboSource.php(673): DboSource->execute('SELECT `Comment...', Array, Array)
#3 /var/www/html/ecitem_review/lib/Cake/Model/Datasource/DboSource.php(1522): DboSource->fetchAll('SELECT `Comment...', false)
#4 /var/www/html/ecitem_review/lib/Cake/Model/Datasource/DboSource.php(1356): DboSource->_fetchHasMany(Object(Article), 'SELECT `Comment...', Array)
#5 /var/www/html/ecitem_review/lib/Cake/Model/Datasource/DboSource.php(1215): DboSource->queryAssociation(Object(Article), Object(Comment), 'hasMany', 'Comment', Array, Array, true, Array, 0, Array)
#6 /var/www/html/ecitem_review/lib/Cake/Model/Model.php(3038): DboSource->read(Object(Article), Array)
#7 /var/www/html/ecitem_review/lib/Cake/Model/Model.php(3010): Model->_readDataSource('first', Array)
#8 /var/www/html/ecitem_review/app/Controller/ArticlesController.php(42): Model->find('first', Array)
#9 [internal function]: ArticlesController->view('4')
#10 /var/www/html/ecitem_review/lib/Cake/Controller/Controller.php(491): ReflectionMethod->invokeArgs(Object(ArticlesController), Array)
#11 /var/www/html/ecitem_review/lib/Cake/Routing/Dispatcher.php(193): Controller->invokeAction(Object(CakeRequest))
#12 /var/www/html/ecitem_review/lib/Cake/Routing/Dispatcher.php(167): Dispatcher->_invoke(Object(ArticlesController), Object(CakeRequest))
#13 /var/www/html/ecitem_review/app/webroot/index.php(111): Dispatcher->dispatch(Object(CakeRequest), Object(CakeResponse))
#14 {main}
2017-05-24 17:32:03 Error: [PDOException] SQLSTATE[42S22]: Column not found: 1054 Unknown column 'Comment.article_id' in 'field list'
Request URL: /ecitem_review/Articles/view/3
Stack Trace:
#0 /var/www/html/ecitem_review/lib/Cake/Model/Datasource/DboSource.php(470): PDOStatement->execute(Array)
#1 /var/www/html/ecitem_review/lib/Cake/Model/Datasource/DboSource.php(436): DboSource->_execute('SELECT `Comment...', Array)
#2 /var/www/html/ecitem_review/lib/Cake/Model/Datasource/DboSource.php(673): DboSource->execute('SELECT `Comment...', Array, Array)
#3 /var/www/html/ecitem_review/lib/Cake/Model/Datasource/DboSource.php(1522): DboSource->fetchAll('SELECT `Comment...', false)
#4 /var/www/html/ecitem_review/lib/Cake/Model/Datasource/DboSource.php(1356): DboSource->_fetchHasMany(Object(Article), 'SELECT `Comment...', Array)
#5 /var/www/html/ecitem_review/lib/Cake/Model/Datasource/DboSource.php(1215): DboSource->queryAssociation(Object(Article), Object(Comment), 'hasMany', 'Comment', Array, Array, true, Array, 0, Array)
#6 /var/www/html/ecitem_review/lib/Cake/Model/Model.php(3038): DboSource->read(Object(Article), Array)
#7 /var/www/html/ecitem_review/lib/Cake/Model/Model.php(3010): Model->_readDataSource('first', Array)
#8 /var/www/html/ecitem_review/app/Controller/ArticlesController.php(42): Model->find('first', Array)
#9 [internal function]: ArticlesController->view('3')
#10 /var/www/html/ecitem_review/lib/Cake/Controller/Controller.php(491): ReflectionMethod->invokeArgs(Object(ArticlesController), Array)
#11 /var/www/html/ecitem_review/lib/Cake/Routing/Dispatcher.php(193): Controller->invokeAction(Object(CakeRequest))
#12 /var/www/html/ecitem_review/lib/Cake/Routing/Dispatcher.php(167): Dispatcher->_invoke(Object(ArticlesController), Object(CakeRequest))
#13 /var/www/html/ecitem_review/app/webroot/index.php(111): Dispatcher->dispatch(Object(CakeRequest), Object(CakeResponse))
#14 {main}
2017-05-24 17:32:30 Error: [PDOException] SQLSTATE[42S22]: Column not found: 1054 Unknown column 'Comment.article_id' in 'field list'
Request URL: /ecitem_review/Articles/view/3
Stack Trace:
#0 /var/www/html/ecitem_review/lib/Cake/Model/Datasource/DboSource.php(470): PDOStatement->execute(Array)
#1 /var/www/html/ecitem_review/lib/Cake/Model/Datasource/DboSource.php(436): DboSource->_execute('SELECT `Comment...', Array)
#2 /var/www/html/ecitem_review/lib/Cake/Model/Datasource/DboSource.php(673): DboSource->execute('SELECT `Comment...', Array, Array)
#3 /var/www/html/ecitem_review/lib/Cake/Model/Datasource/DboSource.php(1522): DboSource->fetchAll('SELECT `Comment...', false)
#4 /var/www/html/ecitem_review/lib/Cake/Model/Datasource/DboSource.php(1356): DboSource->_fetchHasMany(Object(Article), 'SELECT `Comment...', Array)
#5 /var/www/html/ecitem_review/lib/Cake/Model/Datasource/DboSource.php(1215): DboSource->queryAssociation(Object(Article), Object(Comment), 'hasMany', 'Comment', Array, Array, true, Array, 0, Array)
#6 /var/www/html/ecitem_review/lib/Cake/Model/Model.php(3038): DboSource->read(Object(Article), Array)
#7 /var/www/html/ecitem_review/lib/Cake/Model/Model.php(3010): Model->_readDataSource('first', Array)
#8 /var/www/html/ecitem_review/app/Controller/ArticlesController.php(42): Model->find('first', Array)
#9 [internal function]: ArticlesController->view('3')
#10 /var/www/html/ecitem_review/lib/Cake/Controller/Controller.php(491): ReflectionMethod->invokeArgs(Object(ArticlesController), Array)
#11 /var/www/html/ecitem_review/lib/Cake/Routing/Dispatcher.php(193): Controller->invokeAction(Object(CakeRequest))
#12 /var/www/html/ecitem_review/lib/Cake/Routing/Dispatcher.php(167): Dispatcher->_invoke(Object(ArticlesController), Object(CakeRequest))
#13 /var/www/html/ecitem_review/app/webroot/index.php(111): Dispatcher->dispatch(Object(CakeRequest), Object(CakeResponse))
#14 {main}
2017-05-24 17:32:32 Error: [PDOException] SQLSTATE[42S22]: Column not found: 1054 Unknown column 'Comment.article_id' in 'field list'
Request URL: /ecitem_review/Articles/view/3
Stack Trace:
#0 /var/www/html/ecitem_review/lib/Cake/Model/Datasource/DboSource.php(470): PDOStatement->execute(Array)
#1 /var/www/html/ecitem_review/lib/Cake/Model/Datasource/DboSource.php(436): DboSource->_execute('SELECT `Comment...', Array)
#2 /var/www/html/ecitem_review/lib/Cake/Model/Datasource/DboSource.php(673): DboSource->execute('SELECT `Comment...', Array, Array)
#3 /var/www/html/ecitem_review/lib/Cake/Model/Datasource/DboSource.php(1522): DboSource->fetchAll('SELECT `Comment...', false)
#4 /var/www/html/ecitem_review/lib/Cake/Model/Datasource/DboSource.php(1356): DboSource->_fetchHasMany(Object(Article), 'SELECT `Comment...', Array)
#5 /var/www/html/ecitem_review/lib/Cake/Model/Datasource/DboSource.php(1215): DboSource->queryAssociation(Object(Article), Object(Comment), 'hasMany', 'Comment', Array, Array, true, Array, 0, Array)
#6 /var/www/html/ecitem_review/lib/Cake/Model/Model.php(3038): DboSource->read(Object(Article), Array)
#7 /var/www/html/ecitem_review/lib/Cake/Model/Model.php(3010): Model->_readDataSource('first', Array)
#8 /var/www/html/ecitem_review/app/Controller/ArticlesController.php(42): Model->find('first', Array)
#9 [internal function]: ArticlesController->view('3')
#10 /var/www/html/ecitem_review/lib/Cake/Controller/Controller.php(491): ReflectionMethod->invokeArgs(Object(ArticlesController), Array)
#11 /var/www/html/ecitem_review/lib/Cake/Routing/Dispatcher.php(193): Controller->invokeAction(Object(CakeRequest))
#12 /var/www/html/ecitem_review/lib/Cake/Routing/Dispatcher.php(167): Dispatcher->_invoke(Object(ArticlesController), Object(CakeRequest))
#13 /var/www/html/ecitem_review/app/webroot/index.php(111): Dispatcher->dispatch(Object(CakeRequest), Object(CakeResponse))
#14 {main}
2017-05-24 17:32:48 Error: [PDOException] SQLSTATE[42S22]: Column not found: 1054 Unknown column 'Comment.article_id' in 'field list'
Request URL: /ecitem_review/Articles/view/3
Stack Trace:
#0 /var/www/html/ecitem_review/lib/Cake/Model/Datasource/DboSource.php(470): PDOStatement->execute(Array)
#1 /var/www/html/ecitem_review/lib/Cake/Model/Datasource/DboSource.php(436): DboSource->_execute('SELECT `Comment...', Array)
#2 /var/www/html/ecitem_review/lib/Cake/Model/Datasource/DboSource.php(673): DboSource->execute('SELECT `Comment...', Array, Array)
#3 /var/www/html/ecitem_review/lib/Cake/Model/Datasource/DboSource.php(1522): DboSource->fetchAll('SELECT `Comment...', false)
#4 /var/www/html/ecitem_review/lib/Cake/Model/Datasource/DboSource.php(1356): DboSource->_fetchHasMany(Object(Article), 'SELECT `Comment...', Array)
#5 /var/www/html/ecitem_review/lib/Cake/Model/Datasource/DboSource.php(1215): DboSource->queryAssociation(Object(Article), Object(Comment), 'hasMany', 'Comment', Array, Array, true, Array, 0, Array)
#6 /var/www/html/ecitem_review/lib/Cake/Model/Model.php(3038): DboSource->read(Object(Article), Array)
#7 /var/www/html/ecitem_review/lib/Cake/Model/Model.php(3010): Model->_readDataSource('first', Array)
#8 /var/www/html/ecitem_review/app/Controller/ArticlesController.php(42): Model->find('first', Array)
#9 [internal function]: ArticlesController->view('3')
#10 /var/www/html/ecitem_review/lib/Cake/Controller/Controller.php(491): ReflectionMethod->invokeArgs(Object(ArticlesController), Array)
#11 /var/www/html/ecitem_review/lib/Cake/Routing/Dispatcher.php(193): Controller->invokeAction(Object(CakeRequest))
#12 /var/www/html/ecitem_review/lib/Cake/Routing/Dispatcher.php(167): Dispatcher->_invoke(Object(ArticlesController), Object(CakeRequest))
#13 /var/www/html/ecitem_review/app/webroot/index.php(111): Dispatcher->dispatch(Object(CakeRequest), Object(CakeResponse))
#14 {main}
